{"/home/joao/web/crop/src/components/AvatarUpload/index.tsx": {"path":"/home/joao/web/crop/src/components/AvatarUpload/index.tsx","statementMap":{"0":{"start":{"line":2,"column":0},"end":{"line":2,"column":36}},"1":{"start":{"line":4,"column":0},"end":{"line":4,"column":32}},"2":{"start":{"line":6,"column":0},"end":{"line":6,"column":39}},"3":{"start":{"line":7,"column":0},"end":{"line":7,"column":47}},"4":{"start":{"line":8,"column":0},"end":{"line":8,"column":53}},"5":{"start":{"line":9,"column":0},"end":{"line":9,"column":55}},"6":{"start":{"line":17,"column":28},"end":{"line":88,"column":1}},"7":{"start":{"line":18,"column":30},"end":{"line":18,"column":45}},"8":{"start":{"line":19,"column":36},"end":{"line":19,"column":48}},"9":{"start":{"line":20,"column":28},"end":{"line":20,"column":53}},"10":{"start":{"line":21,"column":28},"end":{"line":21,"column":42}},"11":{"start":{"line":23,"column":29},"end":{"line":25,"column":5}},"12":{"start":{"line":24,"column":8},"end":{"line":24,"column":null}},"13":{"start":{"line":27,"column":21},"end":{"line":37,"column":5}},"14":{"start":{"line":28,"column":24},"end":{"line":32,"column":null}},"15":{"start":{"line":33,"column":20},"end":{"line":33,"column":48}},"16":{"start":{"line":35,"column":8},"end":{"line":35,"column":null}},"17":{"start":{"line":36,"column":8},"end":{"line":36,"column":null}},"18":{"start":{"line":39,"column":21},"end":{"line":41,"column":5}},"19":{"start":{"line":40,"column":8},"end":{"line":40,"column":null}},"20":{"start":{"line":40,"column":28},"end":{"line":40,"column":34}},"21":{"start":{"line":43,"column":19},"end":{"line":49,"column":5}},"22":{"start":{"line":44,"column":8},"end":{"line":48,"column":null}},"23":{"start":{"line":45,"column":39},"end":{"line":45,"column":50}},"24":{"start":{"line":46,"column":12},"end":{"line":46,"column":null}},"25":{"start":{"line":47,"column":12},"end":{"line":47,"column":null}},"26":{"start":{"line":51,"column":18},"end":{"line":54,"column":5}},"27":{"start":{"line":52,"column":8},"end":{"line":52,"column":null}},"28":{"start":{"line":53,"column":8},"end":{"line":53,"column":null}},"29":{"start":{"line":56,"column":4},"end":{"line":67,"column":null}},"30":{"start":{"line":57,"column":8},"end":{"line":66,"column":null}},"31":{"start":{"line":69,"column":4},"end":{"line":87,"column":null}},"32":{"start":{"line":17,"column":13},"end":{"line":17,"column":28}}},"fnMap":{"0":{"name":"(anonymous_0)","decl":{"start":{"line":17,"column":28},"end":{"line":17,"column":31}},"loc":{"start":{"line":17,"column":33},"end":{"line":88,"column":1}}},"1":{"name":"(anonymous_1)","decl":{"start":{"line":23,"column":29},"end":{"line":23,"column":30}},"loc":{"start":{"line":23,"column":47},"end":{"line":25,"column":5}}},"2":{"name":"(anonymous_2)","decl":{"start":{"line":27,"column":21},"end":{"line":27,"column":22}},"loc":{"start":{"line":27,"column":38},"end":{"line":37,"column":5}}},"3":{"name":"(anonymous_3)","decl":{"start":{"line":39,"column":21},"end":{"line":39,"column":24}},"loc":{"start":{"line":39,"column":26},"end":{"line":41,"column":5}}},"4":{"name":"(anonymous_4)","decl":{"start":{"line":40,"column":17},"end":{"line":40,"column":18}},"loc":{"start":{"line":40,"column":28},"end":{"line":40,"column":34}}},"5":{"name":"(anonymous_5)","decl":{"start":{"line":43,"column":19},"end":{"line":43,"column":22}},"loc":{"start":{"line":43,"column":24},"end":{"line":49,"column":5}}},"6":{"name":"(anonymous_6)","decl":{"start":{"line":51,"column":18},"end":{"line":51,"column":21}},"loc":{"start":{"line":51,"column":23},"end":{"line":54,"column":5}}}},"branchMap":{"0":{"loc":{"start":{"line":44,"column":8},"end":{"line":48,"column":null}},"type":"if","locations":[{"start":{"line":44,"column":8},"end":{"line":48,"column":null}}]},"1":{"loc":{"start":{"line":56,"column":4},"end":{"line":67,"column":null}},"type":"if","locations":[{"start":{"line":56,"column":4},"end":{"line":67,"column":null}}]},"2":{"loc":{"start":{"line":71,"column":13},"end":{"line":74,"column":null}},"type":"binary-expr","locations":[{"start":{"line":71,"column":13},"end":{"line":71,"column":22}},{"start":{"line":71,"column":26},"end":{"line":71,"column":32}},{"start":{"line":72,"column":16},"end":{"line":73,"column":null}}]},"3":{"loc":{"start":{"line":76,"column":13},"end":{"line":76,"column":56}},"type":"binary-expr","locations":[{"start":{"line":76,"column":13},"end":{"line":76,"column":20}},{"start":{"line":76,"column":24},"end":{"line":76,"column":56}}]},"4":{"loc":{"start":{"line":77,"column":13},"end":{"line":84,"column":null}},"type":"binary-expr","locations":[{"start":{"line":77,"column":13},"end":{"line":77,"column":21}},{"start":{"line":77,"column":25},"end":{"line":77,"column":37}},{"start":{"line":78,"column":16},"end":{"line":83,"column":null}}]}},"s":{"0":1,"1":1,"2":1,"3":1,"4":1,"5":1,"6":1,"7":9,"8":9,"9":9,"10":9,"11":9,"12":0,"13":9,"14":2,"15":2,"16":2,"17":2,"18":9,"19":1,"20":1,"21":9,"22":1,"23":1,"24":1,"25":1,"26":9,"27":1,"28":1,"29":9,"30":1,"31":8,"32":1},"f":{"0":9,"1":0,"2":2,"3":1,"4":1,"5":1,"6":1},"b":{"0":[1],"1":[1],"2":[8,6,5],"3":[8,1],"4":[8,2,2]}}
,"/home/joao/web/crop/src/components/AvatarUpload/styles.ts": {"path":"/home/joao/web/crop/src/components/AvatarUpload/styles.ts","statementMap":{"0":{"start":{"line":2,"column":0},"end":{"line":2,"column":61}},"1":{"start":{"line":8,"column":26},"end":{"line":12,"column":null}},"2":{"start":{"line":9,"column":37},"end":{"line":11,"column":null}},"3":{"start":{"line":14,"column":13},"end":{"line":29,"column":null}},"4":{"start":{"line":15,"column":29},"end":{"line":28,"column":null}}},"fnMap":{"0":{"name":"(anonymous_0)","decl":{"start":{"line":9,"column":12},"end":{"line":9,"column":13}},"loc":{"start":{"line":9,"column":37},"end":{"line":11,"column":null}}},"1":{"name":"(anonymous_1)","decl":{"start":{"line":15,"column":6},"end":{"line":15,"column":7}},"loc":{"start":{"line":15,"column":29},"end":{"line":28,"column":null}}}},"branchMap":{"0":{"loc":{"start":{"line":27,"column":10},"end":{"line":27,"column":51}},"type":"binary-expr","locations":[{"start":{"line":27,"column":10},"end":{"line":27,"column":16}},{"start":{"line":27,"column":20},"end":{"line":27,"column":51}}]}},"s":{"0":1,"1":1,"2":6,"3":1,"4":14},"f":{"0":6,"1":14},"b":{"0":[14,6]}}
,"/home/joao/web/crop/src/components/CloseButton/index.tsx": {"path":"/home/joao/web/crop/src/components/CloseButton/index.tsx","statementMap":{"0":{"start":{"line":2,"column":0},"end":{"line":2,"column":43}},"1":{"start":{"line":4,"column":0},"end":{"line":4,"column":45}},"2":{"start":{"line":10,"column":27},"end":{"line":16,"column":1}},"3":{"start":{"line":11,"column":4},"end":{"line":15,"column":null}},"4":{"start":{"line":10,"column":13},"end":{"line":10,"column":27}}},"fnMap":{"0":{"name":"(anonymous_0)","decl":{"start":{"line":10,"column":27},"end":{"line":10,"column":28}},"loc":{"start":{"line":10,"column":61},"end":{"line":16,"column":1}}}},"branchMap":{},"s":{"0":4,"1":4,"2":4,"3":8,"4":4},"f":{"0":8},"b":{}}
,"/home/joao/web/crop/src/components/CloseButton/styles.ts": {"path":"/home/joao/web/crop/src/components/CloseButton/styles.ts","statementMap":{"0":{"start":{"line":2,"column":0},"end":{"line":2,"column":47}},"1":{"start":{"line":4,"column":13},"end":{"line":22,"column":null}},"2":{"start":{"line":5,"column":21},"end":{"line":21,"column":null}},"3":{"start":{"line":24,"column":13},"end":{"line":27,"column":null}}},"fnMap":{"0":{"name":"(anonymous_0)","decl":{"start":{"line":5,"column":6},"end":{"line":5,"column":7}},"loc":{"start":{"line":5,"column":21},"end":{"line":21,"column":null}}}},"branchMap":{},"s":{"0":4,"1":4,"2":8,"3":4},"f":{"0":8},"b":{}}
,"/home/joao/web/crop/src/components/Crop/index.tsx": {"path":"/home/joao/web/crop/src/components/Crop/index.tsx","statementMap":{"0":{"start":{"line":2,"column":0},"end":{"line":2,"column":64}},"1":{"start":{"line":4,"column":0},"end":{"line":4,"column":43}},"2":{"start":{"line":5,"column":0},"end":{"line":5,"column":49}},"3":{"start":{"line":6,"column":0},"end":{"line":6,"column":53}},"4":{"start":{"line":16,"column":20},"end":{"line":34,"column":1}},"5":{"start":{"line":23,"column":4},"end":{"line":33,"column":null}},"6":{"start":{"line":16,"column":13},"end":{"line":16,"column":20}}},"fnMap":{"0":{"name":"(anonymous_0)","decl":{"start":{"line":16,"column":20},"end":{"line":16,"column":21}},"loc":{"start":{"line":22,"column":16},"end":{"line":34,"column":1}}}},"branchMap":{},"s":{"0":2,"1":2,"2":2,"3":2,"4":2,"5":3,"6":2},"f":{"0":3},"b":{}}
,"/home/joao/web/crop/src/components/CropImage/index.tsx": {"path":"/home/joao/web/crop/src/components/CropImage/index.tsx","statementMap":{"0":{"start":{"line":2,"column":0},"end":{"line":2,"column":43}},"1":{"start":{"line":9,"column":25},"end":{"line":15,"column":1}},"2":{"start":{"line":10,"column":4},"end":{"line":14,"column":null}},"3":{"start":{"line":9,"column":13},"end":{"line":9,"column":25}}},"fnMap":{"0":{"name":"(anonymous_0)","decl":{"start":{"line":9,"column":25},"end":{"line":9,"column":26}},"loc":{"start":{"line":9,"column":64},"end":{"line":15,"column":1}}}},"branchMap":{},"s":{"0":4,"1":4,"2":6,"3":4},"f":{"0":6},"b":{}}
,"/home/joao/web/crop/src/components/CropSuccess/index.tsx": {"path":"/home/joao/web/crop/src/components/CropSuccess/index.tsx","statementMap":{"0":{"start":{"line":2,"column":0},"end":{"line":2,"column":36}},"1":{"start":{"line":6,"column":0},"end":{"line":6,"column":47}},"2":{"start":{"line":7,"column":0},"end":{"line":7,"column":49}},"3":{"start":{"line":16,"column":27},"end":{"line":28,"column":1}},"4":{"start":{"line":22,"column":4},"end":{"line":27,"column":null}},"5":{"start":{"line":16,"column":13},"end":{"line":16,"column":27}}},"fnMap":{"0":{"name":"(anonymous_0)","decl":{"start":{"line":16,"column":27},"end":{"line":16,"column":28}},"loc":{"start":{"line":21,"column":23},"end":{"line":28,"column":1}}}},"branchMap":{},"s":{"0":2,"1":2,"2":2,"3":2,"4":2,"5":2},"f":{"0":2},"b":{}}
,"/home/joao/web/crop/src/components/Dropzone/index.tsx": {"path":"/home/joao/web/crop/src/components/Dropzone/index.tsx","statementMap":{"0":{"start":{"line":2,"column":0},"end":{"line":2,"column":59}},"1":{"start":{"line":4,"column":0},"end":{"line":4,"column":45}},"2":{"start":{"line":6,"column":0},"end":{"line":6,"column":35}},"3":{"start":{"line":7,"column":0},"end":{"line":7,"column":59}},"4":{"start":{"line":15,"column":19},"end":{"line":20,"column":null}},"5":{"start":{"line":17,"column":12},"end":{"line":17,"column":null}},"6":{"start":{"line":18,"column":12},"end":{"line":18,"column":null}},"7":{"start":{"line":23,"column":44},"end":{"line":27,"column":6}},"8":{"start":{"line":29,"column":4},"end":{"line":37,"column":null}},"9":{"start":{"line":14,"column":0},"end":{"line":14,"column":16}}},"fnMap":{"0":{"name":"Dropzone","decl":{"start":{"line":14,"column":16},"end":{"line":14,"column":24}},"loc":{"start":{"line":14,"column":62},"end":{"line":38,"column":1}}},"1":{"name":"(anonymous_1)","decl":{"start":{"line":16,"column":8},"end":{"line":16,"column":9}},"loc":{"start":{"line":16,"column":62},"end":{"line":19,"column":9}}}},"branchMap":{"0":{"loc":{"start":{"line":17,"column":12},"end":{"line":17,"column":61}},"type":"binary-expr","locations":[{"start":{"line":17,"column":12},"end":{"line":17,"column":34}},{"start":{"line":17,"column":38},"end":{"line":17,"column":61}}]},"1":{"loc":{"start":{"line":18,"column":12},"end":{"line":18,"column":56}},"type":"binary-expr","locations":[{"start":{"line":18,"column":12},"end":{"line":18,"column":33}},{"start":{"line":18,"column":37},"end":{"line":18,"column":56}}]}},"s":{"0":3,"1":3,"2":3,"3":3,"4":20,"5":7,"6":7,"7":20,"8":20,"9":3},"f":{"0":20,"1":7},"b":{"0":[7,4],"1":[7,3]}}
,"/home/joao/web/crop/src/components/ErrorMessage/index.tsx": {"path":"/home/joao/web/crop/src/components/ErrorMessage/index.tsx","statementMap":{"0":{"start":{"line":2,"column":0},"end":{"line":2,"column":67}},"1":{"start":{"line":4,"column":0},"end":{"line":4,"column":43}},"2":{"start":{"line":6,"column":0},"end":{"line":6,"column":53}},"3":{"start":{"line":12,"column":28},"end":{"line":23,"column":1}},"4":{"start":{"line":13,"column":4},"end":{"line":22,"column":null}},"5":{"start":{"line":12,"column":13},"end":{"line":12,"column":28}}},"fnMap":{"0":{"name":"(anonymous_0)","decl":{"start":{"line":12,"column":28},"end":{"line":12,"column":29}},"loc":{"start":{"line":12,"column":63},"end":{"line":23,"column":1}}}},"branchMap":{},"s":{"0":2,"1":2,"2":2,"3":2,"4":2,"5":2},"f":{"0":2},"b":{}}
,"/home/joao/web/crop/src/components/Slider/index.tsx": {"path":"/home/joao/web/crop/src/components/Slider/index.tsx","statementMap":{"0":{"start":{"line":2,"column":0},"end":{"line":2,"column":54}},"1":{"start":{"line":4,"column":0},"end":{"line":4,"column":45}},"2":{"start":{"line":11,"column":22},"end":{"line":35,"column":1}},"3":{"start":{"line":12,"column":30},"end":{"line":12,"column":44}},"4":{"start":{"line":14,"column":21},"end":{"line":19,"column":5}},"5":{"start":{"line":15,"column":27},"end":{"line":15,"column":45}},"6":{"start":{"line":17,"column":8},"end":{"line":17,"column":null}},"7":{"start":{"line":18,"column":8},"end":{"line":18,"column":null}},"8":{"start":{"line":21,"column":4},"end":{"line":34,"column":null}},"9":{"start":{"line":11,"column":13},"end":{"line":11,"column":22}}},"fnMap":{"0":{"name":"(anonymous_0)","decl":{"start":{"line":11,"column":22},"end":{"line":11,"column":23}},"loc":{"start":{"line":11,"column":51},"end":{"line":35,"column":1}}},"1":{"name":"(anonymous_1)","decl":{"start":{"line":14,"column":21},"end":{"line":14,"column":22}},"loc":{"start":{"line":14,"column":43},"end":{"line":19,"column":5}}}},"branchMap":{"0":{"loc":{"start":{"line":18,"column":8},"end":{"line":18,"column":40}},"type":"binary-expr","locations":[{"start":{"line":18,"column":8},"end":{"line":18,"column":17}},{"start":{"line":18,"column":21},"end":{"line":18,"column":40}}]}},"s":{"0":3,"1":3,"2":3,"3":8,"4":8,"5":1,"6":1,"7":1,"8":8,"9":3},"f":{"0":8,"1":1},"b":{"0":[1,1]}}
,"/home/joao/web/crop/src/utils/test/renderWithTheme.tsx": {"path":"/home/joao/web/crop/src/utils/test/renderWithTheme.tsx","statementMap":{"0":{"start":{"line":1,"column":0},"end":{"line":1,"column":49}},"1":{"start":{"line":2,"column":0},"end":{"line":2,"column":61}},"2":{"start":{"line":4,"column":0},"end":{"line":4,"column":42}},"3":{"start":{"line":7,"column":31},"end":{"line":8,"column":67}},"4":{"start":{"line":8,"column":4},"end":{"line":8,"column":67}},"5":{"start":{"line":7,"column":13},"end":{"line":7,"column":31}}},"fnMap":{"0":{"name":"(anonymous_0)","decl":{"start":{"line":7,"column":31},"end":{"line":7,"column":32}},"loc":{"start":{"line":8,"column":4},"end":{"line":8,"column":67}}}},"branchMap":{},"s":{"0":8,"1":8,"2":8,"3":8,"4":21,"5":8},"f":{"0":21},"b":{}}
}
