TN:
SF:src/vite-env.d.ts
FNF:0
FNH:0
LF:0
LH:0
BRF:0
BRH:0
end_of_record
TN:
SF:src/components/AvatarUpload/index.tsx
FN:14,(anonymous_0)
FN:20,(anonymous_1)
FN:24,(anonymous_2)
FN:36,(anonymous_3)
FN:37,(anonymous_4)
FN:40,(anonymous_5)
FN:48,(anonymous_6)
FNF:7
FNH:6
FNDA:9,(anonymous_0)
FNDA:0,(anonymous_1)
FNDA:2,(anonymous_2)
FNDA:1,(anonymous_3)
FNDA:1,(anonymous_4)
FNDA:1,(anonymous_5)
FNDA:1,(anonymous_6)
DA:1,1
DA:2,1
DA:3,1
DA:4,1
DA:5,1
DA:6,1
DA:14,1
DA:15,9
DA:16,9
DA:17,9
DA:18,9
DA:20,9
DA:21,0
DA:24,9
DA:25,2
DA:30,2
DA:32,2
DA:33,2
DA:36,9
DA:37,1
DA:40,9
DA:41,1
DA:42,1
DA:43,1
DA:44,1
DA:48,9
DA:49,1
DA:50,1
DA:53,9
DA:54,1
DA:66,8
LF:31
LH:30
BRDA:41,0,0,1
BRDA:53,1,0,1
BRDA:68,2,0,8
BRDA:68,2,1,6
BRDA:68,2,2,5
BRDA:73,3,0,8
BRDA:73,3,1,1
BRDA:74,4,0,8
BRDA:74,4,1,2
BRDA:74,4,2,2
BRF:10
BRH:10
end_of_record
TN:
SF:src/components/AvatarUpload/styles.ts
FN:8,(anonymous_0)
FN:14,(anonymous_1)
FNF:2
FNH:2
FNDA:6,(anonymous_0)
FNDA:14,(anonymous_1)
DA:1,1
DA:7,1
DA:8,6
DA:13,1
DA:14,14
LF:5
LH:5
BRDA:26,0,0,14
BRDA:26,0,1,6
BRF:2
BRH:2
end_of_record
TN:
SF:src/components/CloseButton/index.tsx
FN:8,(anonymous_0)
FNF:1
FNH:1
FNDA:8,(anonymous_0)
DA:1,4
DA:2,4
DA:8,4
DA:9,8
LF:4
LH:4
BRF:0
BRH:0
end_of_record
TN:
SF:src/components/CloseButton/styles.ts
FN:4,(anonymous_0)
FNF:1
FNH:1
FNDA:8,(anonymous_0)
DA:1,4
DA:3,4
DA:4,8
DA:23,4
LF:4
LH:4
BRF:0
BRH:0
end_of_record
TN:
SF:src/components/Crop/index.tsx
FN:14,(anonymous_0)
FNF:1
FNH:1
FNDA:3,(anonymous_0)
DA:1,2
DA:2,2
DA:3,2
DA:4,2
DA:14,2
DA:21,3
LF:6
LH:6
BRF:0
BRH:0
end_of_record
TN:
SF:src/components/Crop/styles.ts
FN:13,(anonymous_0)
FN:23,(anonymous_1)
FNF:2
FNH:2
FNDA:3,(anonymous_0)
FNDA:3,(anonymous_1)
DA:1,2
DA:3,2
DA:12,2
DA:13,3
DA:22,2
DA:23,3
DA:43,2
LF:7
LH:7
BRF:0
BRH:0
end_of_record
TN:
SF:src/components/CropImage/index.tsx
FN:8,(anonymous_0)
FNF:1
FNH:1
FNDA:6,(anonymous_0)
DA:1,4
DA:8,4
DA:9,6
LF:3
LH:3
BRF:0
BRH:0
end_of_record
TN:
SF:src/components/CropImage/styles.ts
FN:4,(anonymous_0)
FN:25,(anonymous_1)
FNF:2
FNH:2
FNDA:6,(anonymous_0)
FNDA:6,(anonymous_1)
DA:1,4
DA:3,4
DA:4,6
DA:22,4
DA:25,6
LF:5
LH:5
BRF:0
BRH:0
end_of_record
TN:
SF:src/components/CropSuccess/index.tsx
FN:13,(anonymous_0)
FNF:1
FNH:1
FNDA:2,(anonymous_0)
DA:2,2
DA:3,2
DA:4,2
DA:13,2
DA:19,2
LF:5
LH:5
BRF:0
BRH:0
end_of_record
TN:
SF:src/components/CropSuccess/styles.ts
FNF:0
FNH:0
DA:1,2
DA:3,2
LF:2
LH:2
BRF:0
BRH:0
end_of_record
TN:
SF:src/components/Dropzone/index.tsx
FN:11,Dropzone
FN:13,(anonymous_1)
FNF:2
FNH:2
FNDA:20,Dropzone
FNDA:7,(anonymous_1)
DA:1,3
DA:2,3
DA:3,3
DA:4,3
DA:11,3
DA:12,20
DA:14,7
DA:15,7
DA:20,20
DA:26,20
LF:10
LH:10
BRDA:14,0,0,7
BRDA:14,0,1,4
BRDA:15,1,0,7
BRDA:15,1,1,3
BRF:4
BRH:4
end_of_record
TN:
SF:src/components/Dropzone/styles.ts
FN:13,(anonymous_0)
FN:28,(anonymous_1)
FNF:2
FNH:2
FNDA:20,(anonymous_0)
FNDA:20,(anonymous_1)
DA:1,3
DA:3,3
DA:12,3
DA:13,20
DA:21,3
DA:27,3
DA:28,20
LF:7
LH:7
BRF:0
BRH:0
end_of_record
TN:
SF:src/components/ErrorMessage/index.tsx
FN:9,(anonymous_0)
FNF:1
FNH:1
FNDA:2,(anonymous_0)
DA:1,2
DA:2,2
DA:3,2
DA:9,2
DA:10,2
LF:5
LH:5
BRF:0
BRH:0
end_of_record
TN:
SF:src/components/ErrorMessage/styles.ts
FN:11,(anonymous_0)
FN:29,(anonymous_1)
FN:39,(anonymous_2)
FNF:3
FNH:3
FNDA:2,(anonymous_0)
FNDA:2,(anonymous_1)
FNDA:2,(anonymous_2)
DA:1,2
DA:3,2
DA:10,2
DA:11,2
DA:21,2
DA:28,2
DA:29,2
DA:38,2
DA:39,2
LF:9
LH:9
BRF:0
BRH:0
end_of_record
TN:
SF:src/components/Slider/index.tsx
FN:9,(anonymous_0)
FN:12,(anonymous_1)
FNF:2
FNH:2
FNDA:8,(anonymous_0)
FNDA:1,(anonymous_1)
DA:1,3
DA:2,3
DA:9,3
DA:10,8
DA:12,8
DA:13,1
DA:15,1
DA:16,1
DA:19,8
LF:9
LH:9
BRDA:16,0,0,1
BRDA:16,0,1,1
BRF:2
BRH:2
end_of_record
TN:
SF:src/components/Slider/styles.ts
FN:8,(anonymous_0)
FN:32,(anonymous_1)
FN:47,(anonymous_2)
FNF:3
FNH:3
FNDA:8,(anonymous_0)
FNDA:8,(anonymous_1)
FNDA:8,(anonymous_2)
DA:1,3
DA:3,3
DA:7,3
DA:8,8
DA:31,3
DA:32,8
DA:46,3
DA:47,8
LF:8
LH:8
BRF:0
BRH:0
end_of_record
TN:
SF:src/utils/test/renderWithTheme.tsx
FN:7,(anonymous_0)
FNF:1
FNH:1
FNDA:21,(anonymous_0)
DA:1,8
DA:2,8
DA:4,8
DA:7,8
DA:8,21
LF:5
LH:5
BRF:0
BRH:0
end_of_record
