TN:
SF:src/components/AvatarUpload/index.tsx
FN:17,(anonymous_0)
FN:23,(anonymous_1)
FN:27,(anonymous_2)
FN:39,(anonymous_3)
FN:40,(anonymous_4)
FN:43,(anonymous_5)
FN:51,(anonymous_6)
FNF:7
FNH:6
FNDA:9,(anonymous_0)
FNDA:0,(anonymous_1)
FNDA:2,(anonymous_2)
FNDA:1,(anonymous_3)
FNDA:1,(anonymous_4)
FNDA:1,(anonymous_5)
FNDA:1,(anonymous_6)
DA:2,1
DA:4,1
DA:6,1
DA:7,1
DA:8,1
DA:9,1
DA:17,1
DA:18,9
DA:19,9
DA:20,9
DA:21,9
DA:23,9
DA:24,0
DA:27,9
DA:28,2
DA:33,2
DA:35,2
DA:36,2
DA:39,9
DA:40,1
DA:43,9
DA:44,1
DA:45,1
DA:46,1
DA:47,1
DA:51,9
DA:52,1
DA:53,1
DA:56,9
DA:57,1
DA:69,8
LF:31
LH:30
BRDA:44,0,0,1
BRDA:56,1,0,1
BRDA:71,2,0,8
BRDA:71,2,1,6
BRDA:71,2,2,5
BRDA:76,3,0,8
BRDA:76,3,1,1
BRDA:77,4,0,8
BRDA:77,4,1,2
BRDA:77,4,2,2
BRF:10
BRH:10
end_of_record
TN:
SF:src/components/AvatarUpload/styles.ts
FN:9,(anonymous_0)
FN:15,(anonymous_1)
FNF:2
FNH:2
FNDA:6,(anonymous_0)
FNDA:14,(anonymous_1)
DA:2,1
DA:8,1
DA:9,6
DA:14,1
DA:15,14
LF:5
LH:5
BRDA:27,0,0,14
BRDA:27,0,1,6
BRF:2
BRH:2
end_of_record
TN:
SF:src/components/CloseButton/index.tsx
FN:10,(anonymous_0)
FNF:1
FNH:1
FNDA:8,(anonymous_0)
DA:2,4
DA:4,4
DA:10,4
DA:11,8
LF:4
LH:4
BRF:0
BRH:0
end_of_record
TN:
SF:src/components/CloseButton/styles.ts
FN:5,(anonymous_0)
FNF:1
FNH:1
FNDA:8,(anonymous_0)
DA:2,4
DA:4,4
DA:5,8
DA:24,4
LF:4
LH:4
BRF:0
BRH:0
end_of_record
TN:
SF:src/components/Crop/index.tsx
FN:16,(anonymous_0)
FNF:1
FNH:1
FNDA:3,(anonymous_0)
DA:2,2
DA:4,2
DA:5,2
DA:6,2
DA:16,2
DA:23,3
LF:6
LH:6
BRF:0
BRH:0
end_of_record
TN:
SF:src/components/CropImage/index.tsx
FN:9,(anonymous_0)
FNF:1
FNH:1
FNDA:6,(anonymous_0)
DA:2,4
DA:9,4
DA:10,6
LF:3
LH:3
BRF:0
BRH:0
end_of_record
TN:
SF:src/components/CropSuccess/index.tsx
FN:16,(anonymous_0)
FNF:1
FNH:1
FNDA:2,(anonymous_0)
DA:2,2
DA:6,2
DA:7,2
DA:16,2
DA:22,2
LF:5
LH:5
BRF:0
BRH:0
end_of_record
TN:
SF:src/components/Dropzone/index.tsx
FN:14,Dropzone
FN:16,(anonymous_1)
FNF:2
FNH:2
FNDA:20,Dropzone
FNDA:7,(anonymous_1)
DA:2,3
DA:4,3
DA:6,3
DA:7,3
DA:14,3
DA:15,20
DA:17,7
DA:18,7
DA:23,20
DA:29,20
LF:10
LH:10
BRDA:17,0,0,7
BRDA:17,0,1,4
BRDA:18,1,0,7
BRDA:18,1,1,3
BRF:4
BRH:4
end_of_record
TN:
SF:src/components/ErrorMessage/index.tsx
FN:12,(anonymous_0)
FNF:1
FNH:1
FNDA:2,(anonymous_0)
DA:2,2
DA:4,2
DA:6,2
DA:12,2
DA:13,2
LF:5
LH:5
BRF:0
BRH:0
end_of_record
TN:
SF:src/components/Slider/index.tsx
FN:11,(anonymous_0)
FN:14,(anonymous_1)
FNF:2
FNH:2
FNDA:8,(anonymous_0)
FNDA:1,(anonymous_1)
DA:2,3
DA:4,3
DA:11,3
DA:12,8
DA:14,8
DA:15,1
DA:17,1
DA:18,1
DA:21,8
LF:9
LH:9
BRDA:18,0,0,1
BRDA:18,0,1,1
BRF:2
BRH:2
end_of_record
TN:
SF:src/utils/test/renderWithTheme.tsx
FN:7,(anonymous_0)
FNF:1
FNH:1
FNDA:21,(anonymous_0)
DA:1,8
DA:2,8
DA:4,8
DA:7,8
DA:8,21
LF:5
LH:5
BRF:0
BRH:0
end_of_record
